<?xml version="1.0" encoding="UTF-8"?>
<robot generator="Robot 5.0.1 (Python 3.8.10 on linux)" generated="20230809 10:05:24.351" rpa="false" schemaversion="3">
<suite id="s1" name="Postproduction" source="/home/arion/Desktop/projetos/cronos/pacote_portais/tim_negocia/tests/postproduction.robot">
<kw name="Abrir Navegador" library="base" type="SETUP">
<kw name="New Browser" library="Browser">
<arg>Chromium</arg>
<arg>False</arg>
<tag>BrowserControl</tag>
<tag>Setter</tag>
<doc>Create a new playwright Browser with specified options.</doc>
<msg timestamp="20230809 10:05:26.336" level="INFO">{"browser": "chromium", "headless": false, "handleSIGINT": true, "handleSIGTERM": true, "handleSIGHUP": true, "timeout": 30000.0, "devtools": false, "slowMo": 0.0, "tracesDir": "/home/arion/Desktop/projetos/cronos/pacote_portais/tim_negocia/send/browser/traces/a7825cec-216c-45e8-aed2-7e9ce61091c8"}</msg>
<msg timestamp="20230809 10:05:26.914" level="INFO">Successfully created browser with options: {"browser":"chromium","headless":false,"handleSIGINT":true,"handleSIGTERM":true,"handleSIGHUP":true,"timeout":30000,"devtools":false,"slowMo":0,"tracesDir":"/home/arion/Desktop/projetos/cronos/pacote_portais/tim_negocia/send/browser/traces/a7825cec-216c-45e8-aed2-7e9ce61091c8"}</msg>
<status status="PASS" starttime="20230809 10:05:26.335" endtime="20230809 10:05:26.914"/>
</kw>
<kw name="New Page" library="Browser">
<arg>about:blank</arg>
<tag>BrowserControl</tag>
<tag>Setter</tag>
<doc>Open a new Page.</doc>
<msg timestamp="20230809 10:05:27.322" level="INFO">Successfully initialized new page object and opened url: about:blank</msg>
<msg timestamp="20230809 10:05:27.322" level="INFO">No context was open. New context was automatically opened when this page is created.</msg>
<status status="PASS" starttime="20230809 10:05:26.914" endtime="20230809 10:05:27.324"/>
</kw>
<kw name="Set Strict Mode" library="Browser">
<arg>False</arg>
<tag>BrowserControl</tag>
<tag>Setter</tag>
<doc>Controls library strict mode.</doc>
<status status="PASS" starttime="20230809 10:05:27.325" endtime="20230809 10:05:27.325"/>
</kw>
<kw name="Set Browser Timeout" library="Browser">
<arg>45000</arg>
<tag>Config</tag>
<tag>Setter</tag>
<doc>Sets the timeout used by most input and getter keywords.</doc>
<msg timestamp="20230809 10:05:27.336" level="INFO">Set timeout to: 45000000</msg>
<status status="PASS" starttime="20230809 10:05:27.326" endtime="20230809 10:05:27.336"/>
</kw>
<status status="PASS" starttime="20230809 10:05:26.334" endtime="20230809 10:05:27.336"/>
</kw>
<test id="s1-t1" name="Envio de Logs" line="135">
<kw name="Go To Portal" library="nav" type="SETUP">
<kw name="Go To" library="Browser">
<arg>https://timnegocia.com.br/</arg>
<tag>BrowserControl</tag>
<tag>Setter</tag>
<doc>Navigates to the given ``url``.</doc>
<msg timestamp="20230809 10:05:30.312" level="INFO">Successfully opened URL https://timnegocia.com.br/</msg>
<status status="PASS" starttime="20230809 10:05:27.368" endtime="20230809 10:05:30.312"/>
</kw>
<kw name="Wait For Elements State" library="Browser">
<arg>css=h2 &gt;&gt; text=Seja bem-vindo ao portal de autoatendimento TIM Negocia!</arg>
<arg>visible</arg>
<arg>30</arg>
<tag>PageContent</tag>
<tag>Wait</tag>
<doc>Waits for the element found by ``selector`` to satisfy state option.</doc>
<msg timestamp="20230809 10:05:30.380" level="INFO">Waited for Element with selector css=h2 &gt;&gt; text=Seja bem-vindo ao portal de autoatendimento TIM Negocia! at state visible</msg>
<status status="PASS" starttime="20230809 10:05:30.312" endtime="20230809 10:05:30.380"/>
</kw>
<status status="PASS" starttime="20230809 10:05:27.367" endtime="20230809 10:05:30.381"/>
</kw>
<kw name="New Page" library="Browser">
<arg>file:///home/arion/Desktop/projetos/cronos/pacote_portais/tim_negocia/logspj/log.html</arg>
<tag>BrowserControl</tag>
<tag>Setter</tag>
<doc>Open a new Page.</doc>
<msg timestamp="20230809 10:05:30.572" level="INFO">Successfully initialized new page object and opened url: file:///home/arion/Desktop/projetos/cronos/pacote_portais/tim_negocia/logspj/log.html</msg>
<status status="PASS" starttime="20230809 10:05:30.381" endtime="20230809 10:05:30.572"/>
</kw>
<kw name="Click" library="Browser">
<arg>xpath=//span[text()="Validação Pós Produção"]</arg>
<tag>PageContent</tag>
<tag>Setter</tag>
<doc>Simulates mouse click on the element found by ``selector``.</doc>
<status status="PASS" starttime="20230809 10:05:30.574" endtime="20230809 10:05:30.904"/>
</kw>
<kw name="Click" library="Browser">
<arg>xpath=//span[text()="Report Pós Produção"]</arg>
<tag>PageContent</tag>
<tag>Setter</tag>
<doc>Simulates mouse click on the element found by ``selector``.</doc>
<status status="PASS" starttime="20230809 10:05:30.904" endtime="20230809 10:05:31.002"/>
</kw>
<kw name="Click" library="Browser">
<arg>xpath=//span[text()="Log Many"]</arg>
<tag>PageContent</tag>
<tag>Setter</tag>
<doc>Simulates mouse click on the element found by ``selector``.</doc>
<status status="PASS" starttime="20230809 10:05:31.002" endtime="20230809 10:05:31.172"/>
</kw>
<kw name="Scroll To Element" library="Browser">
<arg>xpath=//div[@id="s1-t2"]</arg>
<tag>PageContent</tag>
<tag>Setter</tag>
<doc>This method waits for actionability checks, then tries to scroll element into view,
unless it is completely visible.</doc>
<status status="PASS" starttime="20230809 10:05:31.172" endtime="20230809 10:05:31.279"/>
</kw>
<kw name="Sleep" library="BuiltIn">
<arg>3</arg>
<doc>Pauses the test executed for the given time.</doc>
<msg timestamp="20230809 10:05:34.280" level="INFO">Slept 3 seconds</msg>
<status status="PASS" starttime="20230809 10:05:31.280" endtime="20230809 10:05:34.280"/>
</kw>
<kw name="Take Screenshot" library="Browser">
<tag>PageContent</tag>
<doc>Takes a screenshot of the current window or element and saves it to disk.</doc>
<msg timestamp="20230809 10:05:34.469" level="INFO" html="true">&lt;/td&gt;&lt;/tr&gt;&lt;tr&gt;&lt;td colspan="3"&gt;&lt;a href="browser/screenshot/robotframework-browser-screenshot-1.png"&gt;&lt;img src="browser/screenshot/robotframework-browser-screenshot-1.png" width="800px"&gt;&lt;/a&gt;</msg>
<status status="PASS" starttime="20230809 10:05:34.281" endtime="20230809 10:05:34.469"/>
</kw>
<kw name="Send Logs" library="sendlogs">
<arg>send/browser/screenshot/robotframework-browser-screenshot-1.png</arg>
<arg>Tim PJ - OK</arg>
<status status="PASS" starttime="20230809 10:05:34.469" endtime="20230809 10:05:52.615"/>
</kw>
<tag>logpj</tag>
<status status="PASS" starttime="20230809 10:05:27.339" endtime="20230809 10:05:52.616"/>
</test>
<doc>Automação para validação pós produção</doc>
<status status="PASS" starttime="20230809 10:05:24.352" endtime="20230809 10:05:52.702"/>
</suite>
<statistics>
<total>
<stat pass="1" fail="0" skip="0">All Tests</stat>
</total>
<tag>
<stat pass="1" fail="0" skip="0">logpj</stat>
</tag>
<suite>
<stat pass="1" fail="0" skip="0" id="s1" name="Postproduction">Postproduction</stat>
</suite>
</statistics>
<errors>
</errors>
</robot>
